[debug] [2025-03-25T19:03:18.374Z] ----------------------------------------------------------------------
[debug] [2025-03-25T19:03:18.376Z] Command:       C:\Program Files\nodejs\node.exe C:\Users\user\AppData\Roaming\npm\node_modules\firebase-tools\lib\bin\firebase.js init
[debug] [2025-03-25T19:03:18.376Z] CLI Version:   13.35.1
[debug] [2025-03-25T19:03:18.376Z] Platform:      win32
[debug] [2025-03-25T19:03:18.376Z] Node Version:  v22.14.0
[debug] [2025-03-25T19:03:18.376Z] Time:          Tue Mar 25 2025 21:03:18 GMT+0200 (Israel Standard Time)
[debug] [2025-03-25T19:03:18.376Z] ----------------------------------------------------------------------
[debug] 
[debug] [2025-03-25T19:03:18.381Z] > command requires scopes: ["email","openid","https://www.googleapis.com/auth/cloudplatformprojects.readonly","https://www.googleapis.com/auth/firebase","https://www.googleapis.com/auth/cloud-platform"]
[debug] [2025-03-25T19:03:18.381Z] > authorizing via signed-in user (mohammaddirbass1@gmail.com)
[info] 
     ######## #### ########  ######## ########     ###     ######  ########
     ##        ##  ##     ## ##       ##     ##  ##   ##  ##       ##
     ######    ##  ########  ######   ########  #########  ######  ######
     ##        ##  ##    ##  ##       ##     ## ##     ##       ## ##
     ##       #### ##     ## ######## ########  ##     ##  ######  ########

You're about to initialize a Firebase project in this directory:

  D:\React projects\osama-market

[info] 
=== Project Setup
[info] 
[info] First, let's associate this project directory with a Firebase project.
[info] You can create multiple project aliases by running firebase use --add, 
[info] but for now we'll just set up a default project.
[info] 
[debug] [2025-03-25T19:05:27.576Z] Checked if tokens are valid: true, expires at: 1742932987450
[debug] [2025-03-25T19:05:27.576Z] Checked if tokens are valid: true, expires at: 1742932987450
[debug] [2025-03-25T19:05:27.577Z] >>> [apiv2][query] GET https://firebase.googleapis.com/v1beta1/projects pageSize=100
[debug] [2025-03-25T19:05:28.169Z] <<< [apiv2][status] GET https://firebase.googleapis.com/v1beta1/projects 200
[debug] [2025-03-25T19:05:28.169Z] <<< [apiv2][body] GET https://firebase.googleapis.com/v1beta1/projects [omitted]
[info] i  Using project mohammad-market (Mohammad-market) 
[info] 
=== Dataconnect Setup
[debug] [2025-03-25T19:05:35.852Z] Checked if tokens are valid: true, expires at: 1742932987450
[debug] [2025-03-25T19:05:35.852Z] Checked if tokens are valid: true, expires at: 1742932987450
[debug] [2025-03-25T19:05:35.852Z] >>> [apiv2][query] GET https://cloudbilling.googleapis.com/v1/projects/mohammad-market/billingInfo [none]
[debug] [2025-03-25T19:05:36.856Z] <<< [apiv2][status] GET https://cloudbilling.googleapis.com/v1/projects/mohammad-market/billingInfo 200
[debug] [2025-03-25T19:05:36.857Z] <<< [apiv2][body] GET https://cloudbilling.googleapis.com/v1/projects/mohammad-market/billingInfo {"name":"projects/mohammad-market/billingInfo","projectId":"mohammad-market","billingAccountName":"","billingEnabled":false}
[info] i  dataconnect: ensuring required API sqladmin.googleapis.com is enabled... 
[debug] [2025-03-25T19:05:36.857Z] Checked if tokens are valid: true, expires at: 1742932987450
[debug] [2025-03-25T19:05:36.858Z] Checked if tokens are valid: true, expires at: 1742932987450
[debug] [2025-03-25T19:05:36.858Z] >>> [apiv2][query] GET https://serviceusage.googleapis.com/v1/projects/mohammad-market/services/sqladmin.googleapis.com [none]
[debug] [2025-03-25T19:05:36.858Z] >>> [apiv2][(partial)header] GET https://serviceusage.googleapis.com/v1/projects/mohammad-market/services/sqladmin.googleapis.com x-goog-quota-user=projects/mohammad-market
[debug] [2025-03-25T19:05:38.018Z] <<< [apiv2][status] GET https://serviceusage.googleapis.com/v1/projects/mohammad-market/services/sqladmin.googleapis.com 200
[debug] [2025-03-25T19:05:38.019Z] <<< [apiv2][body] GET https://serviceusage.googleapis.com/v1/projects/mohammad-market/services/sqladmin.googleapis.com [omitted]
[warn] !  dataconnect: missing required API sqladmin.googleapis.com. Enabling now... 
[debug] [2025-03-25T19:05:38.020Z] Checked if tokens are valid: true, expires at: 1742932987450
[debug] [2025-03-25T19:05:38.020Z] Checked if tokens are valid: true, expires at: 1742932987450
[debug] [2025-03-25T19:05:38.020Z] >>> [apiv2][query] POST https://serviceusage.googleapis.com/v1/projects/mohammad-market/services/sqladmin.googleapis.com:enable [none]
[debug] [2025-03-25T19:05:38.020Z] >>> [apiv2][(partial)header] POST https://serviceusage.googleapis.com/v1/projects/mohammad-market/services/sqladmin.googleapis.com:enable x-goog-quota-user=projects/mohammad-market
[debug] [2025-03-25T19:05:38.712Z] <<< [apiv2][status] POST https://serviceusage.googleapis.com/v1/projects/mohammad-market/services/sqladmin.googleapis.com:enable 200
[debug] [2025-03-25T19:05:38.712Z] <<< [apiv2][body] POST https://serviceusage.googleapis.com/v1/projects/mohammad-market/services/sqladmin.googleapis.com:enable [omitted]
[debug] [2025-03-25T19:05:48.721Z] Checked if tokens are valid: true, expires at: 1742932987450
[debug] [2025-03-25T19:05:48.721Z] Checked if tokens are valid: true, expires at: 1742932987450
[debug] [2025-03-25T19:05:48.721Z] >>> [apiv2][query] GET https://serviceusage.googleapis.com/v1/projects/mohammad-market/services/sqladmin.googleapis.com [none]
[debug] [2025-03-25T19:05:48.721Z] >>> [apiv2][(partial)header] GET https://serviceusage.googleapis.com/v1/projects/mohammad-market/services/sqladmin.googleapis.com x-goog-quota-user=projects/mohammad-market
[debug] [2025-03-25T19:05:49.722Z] <<< [apiv2][status] GET https://serviceusage.googleapis.com/v1/projects/mohammad-market/services/sqladmin.googleapis.com 200
[debug] [2025-03-25T19:05:49.722Z] <<< [apiv2][body] GET https://serviceusage.googleapis.com/v1/projects/mohammad-market/services/sqladmin.googleapis.com [omitted]
[info] +  dataconnect: required API sqladmin.googleapis.com is enabled 
[info] +  Wrote dataconnect\dataconnect.yaml 
[info] +  Wrote dataconnect\schema\schema.gql 
[info] +  Wrote dataconnect\connector\connector.yaml 
[info] +  Wrote dataconnect\connector\queries.gql 
[info] +  Wrote dataconnect\connector\mutations.gql 
[info] +  Detected WEB app in directory D:\React projects\osama-market 
[info] i  Detected react app. Enabling react generated SDKs. 
[debug] [2025-03-25T19:06:44.600Z] ----------------------------------------------------------------------
[debug] [2025-03-25T19:06:44.602Z] Command:       C:\Program Files\nodejs\node.exe C:\Users\user\AppData\Roaming\npm\node_modules\firebase-tools\lib\bin\firebase.js init
[debug] [2025-03-25T19:06:44.602Z] CLI Version:   13.35.1
[debug] [2025-03-25T19:06:44.602Z] Platform:      win32
[debug] [2025-03-25T19:06:44.602Z] Node Version:  v22.14.0
[debug] [2025-03-25T19:06:44.603Z] Time:          Tue Mar 25 2025 21:06:44 GMT+0200 (Israel Standard Time)
[debug] [2025-03-25T19:06:44.603Z] ----------------------------------------------------------------------
[debug] 
[debug] [2025-03-25T19:06:44.608Z] > command requires scopes: ["email","openid","https://www.googleapis.com/auth/cloudplatformprojects.readonly","https://www.googleapis.com/auth/firebase","https://www.googleapis.com/auth/cloud-platform"]
[debug] [2025-03-25T19:06:44.608Z] > authorizing via signed-in user (mohammaddirbass1@gmail.com)
[info] 
     ######## #### ########  ######## ########     ###     ######  ########
     ##        ##  ##     ## ##       ##     ##  ##   ##  ##       ##
     ######    ##  ########  ######   ########  #########  ######  ######
     ##        ##  ##    ##  ##       ##     ## ##     ##       ## ##
     ##       #### ##     ## ######## ########  ##     ##  ######  ########

You're about to initialize a Firebase project in this directory:

  D:\React projects\osama-market

[info] 
=== Project Setup
[info] 
[info] First, let's associate this project directory with a Firebase project.
[info] You can create multiple project aliases by running firebase use --add, 
[info] but for now we'll just set up a default project.
[info] 
[debug] [2025-03-25T19:07:19.907Z] Checked if tokens are valid: true, expires at: 1742932987450
[debug] [2025-03-25T19:07:19.908Z] Checked if tokens are valid: true, expires at: 1742932987450
[debug] [2025-03-25T19:07:19.909Z] >>> [apiv2][query] GET https://firebase.googleapis.com/v1beta1/projects pageSize=100
[debug] [2025-03-25T19:07:20.521Z] <<< [apiv2][status] GET https://firebase.googleapis.com/v1beta1/projects 200
[debug] [2025-03-25T19:07:20.521Z] <<< [apiv2][body] GET https://firebase.googleapis.com/v1beta1/projects [omitted]
[info] i  Using project mohammad-market (Mohammad-market) 
[info] 
=== Dataconnect Setup
[debug] [2025-03-25T19:07:22.410Z] Checked if tokens are valid: true, expires at: 1742932987450
[debug] [2025-03-25T19:07:22.410Z] Checked if tokens are valid: true, expires at: 1742932987450
[debug] [2025-03-25T19:07:22.410Z] >>> [apiv2][query] GET https://cloudbilling.googleapis.com/v1/projects/mohammad-market/billingInfo [none]
[debug] [2025-03-25T19:07:23.247Z] <<< [apiv2][status] GET https://cloudbilling.googleapis.com/v1/projects/mohammad-market/billingInfo 200
[debug] [2025-03-25T19:07:23.247Z] <<< [apiv2][body] GET https://cloudbilling.googleapis.com/v1/projects/mohammad-market/billingInfo {"name":"projects/mohammad-market/billingInfo","projectId":"mohammad-market","billingAccountName":"","billingEnabled":false}
[info] i  dataconnect: ensuring required API sqladmin.googleapis.com is enabled... 
[debug] [2025-03-25T19:07:23.248Z] Checked if tokens are valid: true, expires at: 1742932987450
[debug] [2025-03-25T19:07:23.248Z] Checked if tokens are valid: true, expires at: 1742932987450
[debug] [2025-03-25T19:07:23.248Z] >>> [apiv2][query] GET https://serviceusage.googleapis.com/v1/projects/mohammad-market/services/sqladmin.googleapis.com [none]
[debug] [2025-03-25T19:07:23.248Z] >>> [apiv2][(partial)header] GET https://serviceusage.googleapis.com/v1/projects/mohammad-market/services/sqladmin.googleapis.com x-goog-quota-user=projects/mohammad-market
[debug] [2025-03-25T19:07:24.254Z] <<< [apiv2][status] GET https://serviceusage.googleapis.com/v1/projects/mohammad-market/services/sqladmin.googleapis.com 200
[debug] [2025-03-25T19:07:24.254Z] <<< [apiv2][body] GET https://serviceusage.googleapis.com/v1/projects/mohammad-market/services/sqladmin.googleapis.com [omitted]
[info] +  dataconnect: required API sqladmin.googleapis.com is enabled 
[info] i  dataconnect\dataconnect.yaml is unchanged 
[info] i  dataconnect\schema\schema.gql is unchanged 
[info] i  dataconnect\connector\connector.yaml is unchanged 
[info] i  dataconnect\connector\queries.gql is unchanged 
[info] i  dataconnect\connector\mutations.gql is unchanged 
[info] +  Detected WEB app in directory D:\React projects\osama-market 
